# JRE version: OpenJDK Runtime Environment (21.0.6) (build 21.0.6+-13368085-b895.109)
# Java VM: OpenJDK 64-Bit Server VM (21.0.6+-13368085-b895.109, mixed mode, tiered, compressed oops, compressed class ptrs, g1 gc, windows-amd64)
GC Precious Log:
 CardTable entry size: 512
 Card Set container configuration: InlinePtr #cards 4 size 8 Array Of Cards #cards 16 size 48 Howl #buckets 8 coarsen threshold 3686 Howl Bitmap #cards 512 size 80 coarsen threshold 460 Card regions per heap region 1 cards per card region 4096
 CPUs: 12 total, 12 available
 Memory: 15708M
 Large Page Support: Disabled
 NUMA Support: Disabled
 Compressed Oops: Enabled (Zero based)
 Heap Region Size: 2M
 Heap Min Capacity: 8M
 Heap Initial Capacity: 246M
 Heap Max Capacity: 3928M
 Pre-touch: Disabled
 Parallel Workers: 10
 Concurrent Workers: 3
 Concurrent Refinement Workers: 10
 Periodic GC: Disabled
Heap:
 garbage-first heap   total 587776K, used 376207K [0x000000070a800000, 0x0000000800000000)
  region size 2048K, 39 young (79872K), 5 survivors (10240K)
 Metaspace       used 110781K, committed 111296K, reserved 1179648K
  class space    used 11086K, committed 11328K, reserved 1048576K
GC Heap History (20 events):
Event: 29.472 GC heap before
{Heap before GC invocations=40 (full 0):
 garbage-first heap   total 393216K, used 344833K [0x000000070a800000, 0x0000000800000000)
  region size 2048K, 52 young (106496K), 5 survivors (10240K)
 Metaspace       used 102074K, committed 102528K, reserved 1179648K
  class space    used 10481K, committed 10688K, reserved 1048576K
}
Event: 29.486 GC heap after
{Heap after GC invocations=41 (full 0):
 garbage-first heap   total 393216K, used 257049K [0x000000070a800000, 0x0000000800000000)
  region size 2048K, 4 young (8192K), 4 survivors (8192K)
 Metaspace       used 102074K, committed 102528K, reserved 1179648K
  class space    used 10481K, committed 10688K, reserved 1048576K
}
Event: 32.329 GC heap before
{Heap before GC invocations=42 (full 0):
 garbage-first heap   total 434176K, used 357401K [0x000000070a800000, 0x0000000800000000)
  region size 2048K, 53 young (108544K), 4 survivors (8192K)
 Metaspace       used 107995K, committed 108480K, reserved 1179648K
  class space    used 10971K, committed 11200K, reserved 1048576K
}
Event: 32.343 GC heap after
{Heap after GC invocations=43 (full 0):
 garbage-first heap   total 434176K, used 265222K [0x000000070a800000, 0x0000000800000000)
  region size 2048K, 7 young (14336K), 7 survivors (14336K)
 Metaspace       used 107995K, committed 108480K, reserved 1179648K
  class space    used 10971K, committed 11200K, reserved 1048576K
}
Event: 33.352 GC heap before
{Heap before GC invocations=43 (full 0):
 garbage-first heap   total 434176K, used 394246K [0x000000070a800000, 0x0000000800000000)
  region size 2048K, 70 young (143360K), 7 survivors (14336K)
 Metaspace       used 108993K, committed 109440K, reserved 1179648K
  class space    used 11013K, committed 11264K, reserved 1048576K
}
Event: 33.366 GC heap after
{Heap after GC invocations=44 (full 0):
 garbage-first heap   total 434176K, used 265611K [0x000000070a800000, 0x0000000800000000)
  region size 2048K, 7 young (14336K), 7 survivors (14336K)
 Metaspace       used 108993K, committed 109440K, reserved 1179648K
  class space    used 11013K, committed 11264K, reserved 1048576K
}
Event: 34.325 GC heap before
{Heap before GC invocations=44 (full 0):
 garbage-first heap   total 434176K, used 392587K [0x000000070a800000, 0x0000000800000000)
  region size 2048K, 69 young (141312K), 7 survivors (14336K)
 Metaspace       used 109603K, committed 110080K, reserved 1179648K
  class space    used 11039K, committed 11264K, reserved 1048576K
}
Event: 34.340 GC heap after
{Heap after GC invocations=45 (full 0):
 garbage-first heap   total 434176K, used 271887K [0x000000070a800000, 0x0000000800000000)
  region size 2048K, 6 young (12288K), 6 survivors (12288K)
 Metaspace       used 109603K, committed 110080K, reserved 1179648K
  class space    used 11039K, committed 11264K, reserved 1048576K
}
Event: 36.049 GC heap before
{Heap before GC invocations=46 (full 0):
 garbage-first heap   total 458752K, used 394767K [0x000000070a800000, 0x0000000800000000)
  region size 2048K, 66 young (135168K), 6 survivors (12288K)
 Metaspace       used 110283K, committed 110720K, reserved 1179648K
  class space    used 11054K, committed 11264K, reserved 1048576K
}
Event: 36.058 GC heap after
{Heap after GC invocations=47 (full 0):
 garbage-first heap   total 458752K, used 279123K [0x000000070a800000, 0x0000000800000000)
  region size 2048K, 7 young (14336K), 7 survivors (14336K)
 Metaspace       used 110283K, committed 110720K, reserved 1179648K
  class space    used 11054K, committed 11264K, reserved 1048576K
}
Event: 36.582 GC heap before
{Heap before GC invocations=47 (full 0):
 garbage-first heap   total 458752K, used 418387K [0x000000070a800000, 0x0000000800000000)
  region size 2048K, 75 young (153600K), 7 survivors (14336K)
 Metaspace       used 110475K, committed 110976K, reserved 1179648K
  class space    used 11068K, committed 11328K, reserved 1048576K
}
Event: 36.606 GC heap after
{Heap after GC invocations=48 (full 0):
 garbage-first heap   total 458752K, used 285116K [0x000000070a800000, 0x0000000800000000)
  region size 2048K, 10 young (20480K), 10 survivors (20480K)
 Metaspace       used 110475K, committed 110976K, reserved 1179648K
  class space    used 11068K, committed 11328K, reserved 1048576K
}
Event: 37.247 GC heap before
{Heap before GC invocations=48 (full 0):
 garbage-first heap   total 458752K, used 412092K [0x000000070a800000, 0x0000000800000000)
  region size 2048K, 72 young (147456K), 10 survivors (20480K)
 Metaspace       used 110621K, committed 111104K, reserved 1179648K
  class space    used 11078K, committed 11328K, reserved 1048576K
}
Event: 37.261 GC heap after
{Heap after GC invocations=49 (full 0):
 garbage-first heap   total 458752K, used 291164K [0x000000070a800000, 0x0000000800000000)
  region size 2048K, 6 young (12288K), 6 survivors (12288K)
 Metaspace       used 110621K, committed 111104K, reserved 1179648K
  class space    used 11078K, committed 11328K, reserved 1048576K
}
Event: 37.887 GC heap before
{Heap before GC invocations=50 (full 0):
 garbage-first heap   total 489472K, used 418140K [0x000000070a800000, 0x0000000800000000)
  region size 2048K, 68 young (139264K), 6 survivors (12288K)
 Metaspace       used 110654K, committed 111168K, reserved 1179648K
  class space    used 11079K, committed 11328K, reserved 1048576K
}
Event: 37.901 GC heap after
{Heap after GC invocations=51 (full 0):
 garbage-first heap   total 489472K, used 297398K [0x000000070a800000, 0x0000000800000000)
  region size 2048K, 9 young (18432K), 9 survivors (18432K)
 Metaspace       used 110654K, committed 111168K, reserved 1179648K
  class space    used 11079K, committed 11328K, reserved 1048576K
}
Event: 38.237 GC heap before
{Heap before GC invocations=51 (full 0):
 garbage-first heap   total 489472K, used 442806K [0x000000070a800000, 0x0000000800000000)
  region size 2048K, 80 young (163840K), 9 survivors (18432K)
 Metaspace       used 110684K, committed 111168K, reserved 1179648K
  class space    used 11079K, committed 11328K, reserved 1048576K
}
Event: 38.262 GC heap after
{Heap after GC invocations=52 (full 0):
 garbage-first heap   total 489472K, used 305533K [0x000000070a800000, 0x0000000800000000)
  region size 2048K, 10 young (20480K), 10 survivors (20480K)
 Metaspace       used 110684K, committed 111168K, reserved 1179648K
  class space    used 11079K, committed 11328K, reserved 1048576K
}
Event: 38.714 GC heap before
{Heap before GC invocations=52 (full 0):
 garbage-first heap   total 489472K, used 440701K [0x000000070a800000, 0x0000000800000000)
  region size 2048K, 76 young (155648K), 10 survivors (20480K)
 Metaspace       used 110722K, committed 111232K, reserved 1179648K
  class space    used 11083K, committed 11328K, reserved 1048576K
}
Event: 38.729 GC heap after
{Heap after GC invocations=53 (full 0):
 garbage-first heap   total 587776K, used 308623K [0x000000070a800000, 0x0000000800000000)
  region size 2048K, 5 young (10240K), 5 survivors (10240K)
 Metaspace       used 110722K, committed 111232K, reserved 1179648K
  class space    used 11083K, committed 11328K, reserved 1048576K
}

