# JRE version: OpenJDK Runtime Environment (21.0.6) (build 21.0.6+-13368085-b895.109)
# Java VM: OpenJDK 64-Bit Server VM (21.0.6+-13368085-b895.109, mixed mode, tiered, compressed oops, compressed class ptrs, g1 gc, windows-amd64)
GC Precious Log:
 CardTable entry size: 512
 Card Set container configuration: InlinePtr #cards 4 size 8 Array Of Cards #cards 16 size 48 Howl #buckets 8 coarsen threshold 3686 Howl Bitmap #cards 512 size 80 coarsen threshold 460 Card regions per heap region 1 cards per card region 4096
 CPUs: 12 total, 12 available
 Memory: 15708M
 Large Page Support: Disabled
 NUMA Support: Disabled
 Compressed Oops: Enabled (Zero based)
 Heap Region Size: 2M
 Heap Min Capacity: 8M
 Heap Initial Capacity: 246M
 Heap Max Capacity: 3928M
 Pre-touch: Disabled
 Parallel Workers: 10
 Concurrent Workers: 3
 Concurrent Refinement Workers: 10
 Periodic GC: Disabled
Heap:
 garbage-first heap   total 604160K, used 547300K [0x000000070a800000, 0x0000000800000000)
  region size 2048K, 80 young (163840K), 9 survivors (18432K)
 Metaspace       used 93779K, committed 94144K, reserved 1179648K
  class space    used 9417K, committed 9600K, reserved 1048576K
GC Heap History (20 events):
Event: 30.009 GC heap before
{Heap before GC invocations=36 (full 0):
 garbage-first heap   total 491520K, used 450560K [0x000000070a800000, 0x0000000800000000)
  region size 2048K, 81 young (165888K), 8 survivors (16384K)
 Metaspace       used 74542K, committed 74816K, reserved 1179648K
  class space    used 7945K, committed 8064K, reserved 1048576K
}
Event: 30.027 GC heap after
{Heap after GC invocations=37 (full 0):
 garbage-first heap   total 491520K, used 306149K [0x000000070a800000, 0x0000000800000000)
  region size 2048K, 8 young (16384K), 8 survivors (16384K)
 Metaspace       used 74542K, committed 74816K, reserved 1179648K
  class space    used 7945K, committed 8064K, reserved 1048576K
}
Event: 30.919 GC heap before
{Heap before GC invocations=37 (full 0):
 garbage-first heap   total 491520K, used 447461K [0x000000070a800000, 0x0000000800000000)
  region size 2048K, 77 young (157696K), 8 survivors (16384K)
 Metaspace       used 74624K, committed 74880K, reserved 1179648K
  class space    used 7946K, committed 8064K, reserved 1048576K
}
Event: 30.936 GC heap after
{Heap after GC invocations=38 (full 0):
 garbage-first heap   total 491520K, used 314084K [0x000000070a800000, 0x0000000800000000)
  region size 2048K, 8 young (16384K), 8 survivors (16384K)
 Metaspace       used 74624K, committed 74880K, reserved 1179648K
  class space    used 7946K, committed 8064K, reserved 1048576K
}
Event: 31.776 GC heap before
{Heap before GC invocations=39 (full 0):
 garbage-first heap   total 526336K, used 445156K [0x000000070a800000, 0x0000000800000000)
  region size 2048K, 72 young (147456K), 8 survivors (16384K)
 Metaspace       used 74707K, committed 75008K, reserved 1179648K
  class space    used 7952K, committed 8064K, reserved 1048576K
}
Event: 31.790 GC heap after
{Heap after GC invocations=40 (full 0):
 garbage-first heap   total 526336K, used 320477K [0x000000070a800000, 0x0000000800000000)
  region size 2048K, 7 young (14336K), 7 survivors (14336K)
 Metaspace       used 74707K, committed 75008K, reserved 1179648K
  class space    used 7952K, committed 8064K, reserved 1048576K
}
Event: 32.785 GC heap before
{Heap before GC invocations=40 (full 0):
 garbage-first heap   total 526336K, used 482269K [0x000000070a800000, 0x0000000800000000)
  region size 2048K, 86 young (176128K), 7 survivors (14336K)
 Metaspace       used 74778K, committed 75072K, reserved 1179648K
  class space    used 7953K, committed 8064K, reserved 1048576K
}
Event: 32.807 GC heap after
{Heap after GC invocations=41 (full 0):
 garbage-first heap   total 526336K, used 324237K [0x000000070a800000, 0x0000000800000000)
  region size 2048K, 7 young (14336K), 7 survivors (14336K)
 Metaspace       used 74778K, committed 75072K, reserved 1179648K
  class space    used 7953K, committed 8064K, reserved 1048576K
}
Event: 35.919 GC heap before
{Heap before GC invocations=41 (full 0):
 garbage-first heap   total 526336K, used 481933K [0x000000070a800000, 0x0000000800000000)
  region size 2048K, 84 young (172032K), 7 survivors (14336K)
 Metaspace       used 78125K, committed 78528K, reserved 1179648K
  class space    used 8154K, committed 8320K, reserved 1048576K
}
Event: 35.943 GC heap after
{Heap after GC invocations=42 (full 0):
 garbage-first heap   total 526336K, used 338812K [0x000000070a800000, 0x0000000800000000)
  region size 2048K, 11 young (22528K), 11 survivors (22528K)
 Metaspace       used 78125K, committed 78528K, reserved 1179648K
  class space    used 8154K, committed 8320K, reserved 1048576K
}
Event: 38.785 GC heap before
{Heap before GC invocations=43 (full 0):
 garbage-first heap   total 567296K, used 471932K [0x000000070a800000, 0x0000000800000000)
  region size 2048K, 76 young (155648K), 11 survivors (22528K)
 Metaspace       used 80505K, committed 80896K, reserved 1179648K
  class space    used 8379K, committed 8576K, reserved 1048576K
}
Event: 38.803 GC heap after
{Heap after GC invocations=44 (full 0):
 garbage-first heap   total 567296K, used 343362K [0x000000070a800000, 0x0000000800000000)
  region size 2048K, 3 young (6144K), 3 survivors (6144K)
 Metaspace       used 80505K, committed 80896K, reserved 1179648K
  class space    used 8379K, committed 8576K, reserved 1048576K
}
Event: 41.038 GC heap before
{Heap before GC invocations=44 (full 0):
 garbage-first heap   total 567296K, used 527682K [0x000000070a800000, 0x0000000800000000)
  region size 2048K, 93 young (190464K), 3 survivors (6144K)
 Metaspace       used 80766K, committed 81152K, reserved 1179648K
  class space    used 8394K, committed 8576K, reserved 1048576K
}
Event: 41.055 GC heap after
{Heap after GC invocations=45 (full 0):
 garbage-first heap   total 567296K, used 348189K [0x000000070a800000, 0x0000000800000000)
  region size 2048K, 6 young (12288K), 6 survivors (12288K)
 Metaspace       used 80766K, committed 81152K, reserved 1179648K
  class space    used 8394K, committed 8576K, reserved 1048576K
}
Event: 43.680 GC heap before
{Heap before GC invocations=45 (full 0):
 garbage-first heap   total 567296K, used 522269K [0x000000070a800000, 0x0000000800000000)
  region size 2048K, 91 young (186368K), 6 survivors (12288K)
 Metaspace       used 86229K, committed 86592K, reserved 1179648K
  class space    used 8826K, committed 9024K, reserved 1048576K
}
Event: 43.705 GC heap after
{Heap after GC invocations=46 (full 0):
 garbage-first heap   total 567296K, used 360943K [0x000000070a800000, 0x0000000800000000)
  region size 2048K, 12 young (24576K), 12 survivors (24576K)
 Metaspace       used 86229K, committed 86592K, reserved 1179648K
  class space    used 8826K, committed 9024K, reserved 1048576K
}
Event: 46.776 GC heap before
{Heap before GC invocations=47 (full 0):
 garbage-first heap   total 604160K, used 508399K [0x000000070a800000, 0x0000000800000000)
  region size 2048K, 84 young (172032K), 12 survivors (24576K)
 Metaspace       used 89739K, committed 90112K, reserved 1179648K
  class space    used 9126K, committed 9280K, reserved 1048576K
}
Event: 46.815 GC heap after
{Heap after GC invocations=48 (full 0):
 garbage-first heap   total 604160K, used 387870K [0x000000070a800000, 0x0000000800000000)
  region size 2048K, 11 young (22528K), 11 survivors (22528K)
 Metaspace       used 89739K, committed 90112K, reserved 1179648K
  class space    used 9126K, committed 9280K, reserved 1048576K
}
Event: 48.929 GC heap before
{Heap before GC invocations=48 (full 0):
 garbage-first heap   total 604160K, used 547614K [0x000000070a800000, 0x0000000800000000)
  region size 2048K, 89 young (182272K), 11 survivors (22528K)
 Metaspace       used 92728K, committed 93120K, reserved 1179648K
  class space    used 9341K, committed 9536K, reserved 1048576K
}
Event: 48.968 GC heap after
{Heap after GC invocations=49 (full 0):
 garbage-first heap   total 604160K, used 403940K [0x000000070a800000, 0x0000000800000000)
  region size 2048K, 9 young (18432K), 9 survivors (18432K)
 Metaspace       used 92728K, committed 93120K, reserved 1179648K
  class space    used 9341K, committed 9536K, reserved 1048576K
}

