# JRE version: OpenJDK Runtime Environment (21.0.6) (build 21.0.6+-13368085-b895.109)
# Java VM: OpenJDK 64-Bit Server VM (21.0.6+-13368085-b895.109, mixed mode, tiered, compressed oops, compressed class ptrs, g1 gc, windows-amd64)
GC Precious Log:
 CardTable entry size: 512
 Card Set container configuration: InlinePtr #cards 4 size 8 Array Of Cards #cards 16 size 48 Howl #buckets 8 coarsen threshold 3686 Howl Bitmap #cards 512 size 80 coarsen threshold 460 Card regions per heap region 1 cards per card region 4096
 CPUs: 12 total, 12 available
 Memory: 15708M
 Large Page Support: Disabled
 NUMA Support: Disabled
 Compressed Oops: Enabled (Zero based)
 Heap Region Size: 2M
 Heap Min Capacity: 8M
 Heap Initial Capacity: 246M
 Heap Max Capacity: 3928M
 Pre-touch: Disabled
 Parallel Workers: 10
 Concurrent Workers: 3
 Concurrent Refinement Workers: 10
 Periodic GC: Disabled
Heap:
 garbage-first heap   total 542720K, used 336469K [0x000000070a800000, 0x0000000800000000)
  region size 2048K, 9 young (18432K), 9 survivors (18432K)
 Metaspace       used 111024K, committed 111552K, reserved 1179648K
  class space    used 11087K, committed 11328K, reserved 1048576K
GC Heap History (20 events):
Event: 33.116 GC heap after
{Heap after GC invocations=45 (full 0):
 garbage-first heap   total 444416K, used 270240K [0x000000070a800000, 0x0000000800000000)
  region size 2048K, 6 young (12288K), 6 survivors (12288K)
 Metaspace       used 110086K, committed 110528K, reserved 1179648K
  class space    used 11053K, committed 11264K, reserved 1048576K
}
Event: 34.136 GC heap before
{Heap before GC invocations=45 (full 0):
 garbage-first heap   total 444416K, used 405408K [0x000000070a800000, 0x0000000800000000)
  region size 2048K, 72 young (147456K), 6 survivors (12288K)
 Metaspace       used 110594K, committed 110976K, reserved 1179648K
  class space    used 11067K, committed 11264K, reserved 1048576K
}
Event: 34.148 GC heap after
{Heap after GC invocations=46 (full 0):
 garbage-first heap   total 444416K, used 274574K [0x000000070a800000, 0x0000000800000000)
  region size 2048K, 8 young (16384K), 8 survivors (16384K)
 Metaspace       used 110594K, committed 110976K, reserved 1179648K
  class space    used 11067K, committed 11264K, reserved 1048576K
}
Event: 34.455 GC heap before
{Heap before GC invocations=46 (full 0):
 garbage-first heap   total 444416K, used 401550K [0x000000070a800000, 0x0000000800000000)
  region size 2048K, 70 young (143360K), 8 survivors (16384K)
 Metaspace       used 110612K, committed 111104K, reserved 1179648K
  class space    used 11068K, committed 11264K, reserved 1048576K
}
Event: 34.471 GC heap after
{Heap after GC invocations=47 (full 0):
 garbage-first heap   total 444416K, used 284167K [0x000000070a800000, 0x0000000800000000)
  region size 2048K, 9 young (18432K), 9 survivors (18432K)
 Metaspace       used 110612K, committed 111104K, reserved 1179648K
  class space    used 11068K, committed 11264K, reserved 1048576K
}
Event: 35.042 GC heap before
{Heap before GC invocations=48 (full 0):
 garbage-first heap   total 475136K, used 398855K [0x000000070a800000, 0x0000000800000000)
  region size 2048K, 65 young (133120K), 9 survivors (18432K)
 Metaspace       used 110761K, committed 111296K, reserved 1179648K
  class space    used 11077K, committed 11328K, reserved 1048576K
}
Event: 35.060 GC heap after
{Heap after GC invocations=49 (full 0):
 garbage-first heap   total 475136K, used 297237K [0x000000070a800000, 0x0000000800000000)
  region size 2048K, 8 young (16384K), 8 survivors (16384K)
 Metaspace       used 110761K, committed 111296K, reserved 1179648K
  class space    used 11077K, committed 11328K, reserved 1048576K
}
Event: 35.456 GC heap before
{Heap before GC invocations=49 (full 0):
 garbage-first heap   total 475136K, used 430357K [0x000000070a800000, 0x0000000800000000)
  region size 2048K, 73 young (149504K), 8 survivors (16384K)
 Metaspace       used 110790K, committed 111296K, reserved 1179648K
  class space    used 11078K, committed 11328K, reserved 1048576K
}
Event: 35.481 GC heap after
{Heap after GC invocations=50 (full 0):
 garbage-first heap   total 475136K, used 296981K [0x000000070a800000, 0x0000000800000000)
  region size 2048K, 7 young (14336K), 7 survivors (14336K)
 Metaspace       used 110790K, committed 111296K, reserved 1179648K
  class space    used 11078K, committed 11328K, reserved 1048576K
}
Event: 35.804 GC heap before
{Heap before GC invocations=50 (full 0):
 garbage-first heap   total 475136K, used 432149K [0x000000070a800000, 0x0000000800000000)
  region size 2048K, 73 young (149504K), 7 survivors (14336K)
 Metaspace       used 110816K, committed 111360K, reserved 1179648K
  class space    used 11078K, committed 11328K, reserved 1048576K
}
Event: 35.825 GC heap after
{Heap after GC invocations=51 (full 0):
 garbage-first heap   total 475136K, used 308216K [0x000000070a800000, 0x0000000800000000)
  region size 2048K, 6 young (12288K), 6 survivors (12288K)
 Metaspace       used 110816K, committed 111360K, reserved 1179648K
  class space    used 11078K, committed 11328K, reserved 1048576K
}
Event: 36.443 GC heap before
{Heap before GC invocations=52 (full 0):
 garbage-first heap   total 516096K, used 433144K [0x000000070a800000, 0x0000000800000000)
  region size 2048K, 67 young (137216K), 6 survivors (12288K)
 Metaspace       used 110857K, committed 111360K, reserved 1179648K
  class space    used 11082K, committed 11328K, reserved 1048576K
}
Event: 36.455 GC heap after
{Heap after GC invocations=53 (full 0):
 garbage-first heap   total 516096K, used 313193K [0x000000070a800000, 0x0000000800000000)
  region size 2048K, 5 young (10240K), 5 survivors (10240K)
 Metaspace       used 110857K, committed 111360K, reserved 1179648K
  class space    used 11082K, committed 11328K, reserved 1048576K
}
Event: 37.136 GC heap before
{Heap before GC invocations=53 (full 0):
 garbage-first heap   total 516096K, used 462697K [0x000000070a800000, 0x0000000800000000)
  region size 2048K, 78 young (159744K), 5 survivors (10240K)
 Metaspace       used 110958K, committed 111488K, reserved 1179648K
  class space    used 11086K, committed 11328K, reserved 1048576K
}
Event: 37.148 GC heap after
{Heap after GC invocations=54 (full 0):
 garbage-first heap   total 516096K, used 315011K [0x000000070a800000, 0x0000000800000000)
  region size 2048K, 9 young (18432K), 9 survivors (18432K)
 Metaspace       used 110958K, committed 111488K, reserved 1179648K
  class space    used 11086K, committed 11328K, reserved 1048576K
}
Event: 37.633 GC heap before
{Heap before GC invocations=54 (full 0):
 garbage-first heap   total 516096K, used 466563K [0x000000070a800000, 0x0000000800000000)
  region size 2048K, 83 young (169984K), 9 survivors (18432K)
 Metaspace       used 110965K, committed 111488K, reserved 1179648K
  class space    used 11086K, committed 11328K, reserved 1048576K
}
Event: 37.659 GC heap after
{Heap after GC invocations=55 (full 0):
 garbage-first heap   total 516096K, used 325286K [0x000000070a800000, 0x0000000800000000)
  region size 2048K, 11 young (22528K), 11 survivors (22528K)
 Metaspace       used 110965K, committed 111488K, reserved 1179648K
  class space    used 11086K, committed 11328K, reserved 1048576K
}
Event: 38.395 GC heap before
{Heap before GC invocations=56 (full 0):
 garbage-first heap   total 542720K, used 464550K [0x000000070a800000, 0x0000000800000000)
  region size 2048K, 79 young (161792K), 11 survivors (22528K)
 Metaspace       used 110985K, committed 111488K, reserved 1179648K
  class space    used 11086K, committed 11328K, reserved 1048576K
}
Event: 38.411 GC heap after
{Heap after GC invocations=57 (full 0):
 garbage-first heap   total 542720K, used 333103K [0x000000070a800000, 0x0000000800000000)
  region size 2048K, 6 young (12288K), 6 survivors (12288K)
 Metaspace       used 110985K, committed 111488K, reserved 1179648K
  class space    used 11086K, committed 11328K, reserved 1048576K
}
Event: 38.944 GC heap before
{Heap before GC invocations=57 (full 0):
 garbage-first heap   total 542720K, used 494895K [0x000000070a800000, 0x0000000800000000)
  region size 2048K, 85 young (174080K), 6 survivors (12288K)
 Metaspace       used 111024K, committed 111552K, reserved 1179648K
  class space    used 11087K, committed 11328K, reserved 1048576K
}

