# JRE version: OpenJDK Runtime Environment (21.0.6) (build 21.0.6+-13368085-b895.109)
# Java VM: OpenJDK 64-Bit Server VM (21.0.6+-13368085-b895.109, mixed mode, tiered, compressed oops, compressed class ptrs, g1 gc, windows-amd64)
GC Precious Log:
 CardTable entry size: 512
 Card Set container configuration: InlinePtr #cards 4 size 8 Array Of Cards #cards 16 size 48 Howl #buckets 8 coarsen threshold 3686 Howl Bitmap #cards 512 size 80 coarsen threshold 460 Card regions per heap region 1 cards per card region 4096
 CPUs: 12 total, 12 available
 Memory: 15708M
 Large Page Support: Disabled
 NUMA Support: Disabled
 Compressed Oops: Enabled (Zero based)
 Heap Region Size: 2M
 Heap Min Capacity: 8M
 Heap Initial Capacity: 246M
 Heap Max Capacity: 3928M
 Pre-touch: Disabled
 Parallel Workers: 10
 Concurrent Workers: 3
 Concurrent Refinement Workers: 10
 Periodic GC: Disabled
Heap:
 garbage-first heap   total 522240K, used 334553K [0x000000070a800000, 0x0000000800000000)
  region size 2048K, 9 young (18432K), 9 survivors (18432K)
 Metaspace       used 77961K, committed 78272K, reserved 1179648K
  class space    used 8147K, committed 8256K, reserved 1048576K
GC Heap History (20 events):
Event: 30.131 GC heap after
{Heap after GC invocations=35 (full 0):
 garbage-first heap   total 393216K, used 263655K [0x000000070a800000, 0x0000000800000000)
  region size 2048K, 7 young (14336K), 7 survivors (14336K)
 Metaspace       used 73759K, committed 74048K, reserved 1179648K
  class space    used 7921K, committed 8064K, reserved 1048576K
}
Event: 31.114 GC heap before
{Heap before GC invocations=36 (full 0):
 garbage-first heap   total 444416K, used 351719K [0x000000070a800000, 0x0000000800000000)
  region size 2048K, 50 young (102400K), 7 survivors (14336K)
 Metaspace       used 73941K, committed 74240K, reserved 1179648K
  class space    used 7928K, committed 8064K, reserved 1048576K
}
Event: 31.133 GC heap after
{Heap after GC invocations=37 (full 0):
 garbage-first heap   total 444416K, used 274905K [0x000000070a800000, 0x0000000800000000)
  region size 2048K, 6 young (12288K), 6 survivors (12288K)
 Metaspace       used 73941K, committed 74240K, reserved 1179648K
  class space    used 7928K, committed 8064K, reserved 1048576K
}
Event: 32.560 GC heap before
{Heap before GC invocations=37 (full 0):
 garbage-first heap   total 444416K, used 391641K [0x000000070a800000, 0x0000000800000000)
  region size 2048K, 63 young (129024K), 6 survivors (12288K)
 Metaspace       used 74141K, committed 74432K, reserved 1179648K
  class space    used 7938K, committed 8064K, reserved 1048576K
}
Event: 32.575 GC heap after
{Heap after GC invocations=38 (full 0):
 garbage-first heap   total 444416K, used 282049K [0x000000070a800000, 0x0000000800000000)
  region size 2048K, 4 young (8192K), 4 survivors (8192K)
 Metaspace       used 74141K, committed 74432K, reserved 1179648K
  class space    used 7938K, committed 8064K, reserved 1048576K
}
Event: 33.760 GC heap before
{Heap before GC invocations=38 (full 0):
 garbage-first heap   total 444416K, used 400833K [0x000000070a800000, 0x0000000800000000)
  region size 2048K, 62 young (126976K), 4 survivors (8192K)
 Metaspace       used 74280K, committed 74560K, reserved 1179648K
  class space    used 7943K, committed 8064K, reserved 1048576K
}
Event: 33.775 GC heap after
{Heap after GC invocations=39 (full 0):
 garbage-first heap   total 444416K, used 287510K [0x000000070a800000, 0x0000000800000000)
  region size 2048K, 7 young (14336K), 7 survivors (14336K)
 Metaspace       used 74280K, committed 74560K, reserved 1179648K
  class space    used 7943K, committed 8064K, reserved 1048576K
}
Event: 35.039 GC heap before
{Heap before GC invocations=39 (full 0):
 garbage-first heap   total 444416K, used 404246K [0x000000070a800000, 0x0000000800000000)
  region size 2048K, 64 young (131072K), 7 survivors (14336K)
 Metaspace       used 74415K, committed 74688K, reserved 1179648K
  class space    used 7943K, committed 8064K, reserved 1048576K
}
Event: 35.057 GC heap after
{Heap after GC invocations=40 (full 0):
 garbage-first heap   total 444416K, used 295530K [0x000000070a800000, 0x0000000800000000)
  region size 2048K, 7 young (14336K), 7 survivors (14336K)
 Metaspace       used 74415K, committed 74688K, reserved 1179648K
  class space    used 7943K, committed 8064K, reserved 1048576K
}
Event: 35.960 GC heap before
{Heap before GC invocations=41 (full 0):
 garbage-first heap   total 495616K, used 402026K [0x000000070a800000, 0x0000000800000000)
  region size 2048K, 59 young (120832K), 7 survivors (14336K)
 Metaspace       used 74515K, committed 74816K, reserved 1179648K
  class space    used 7948K, committed 8064K, reserved 1048576K
}
Event: 35.974 GC heap after
{Heap after GC invocations=42 (full 0):
 garbage-first heap   total 495616K, used 300892K [0x000000070a800000, 0x0000000800000000)
  region size 2048K, 7 young (14336K), 7 survivors (14336K)
 Metaspace       used 74515K, committed 74816K, reserved 1179648K
  class space    used 7948K, committed 8064K, reserved 1048576K
}
Event: 37.161 GC heap before
{Heap before GC invocations=42 (full 0):
 garbage-first heap   total 495616K, used 452444K [0x000000070a800000, 0x0000000800000000)
  region size 2048K, 81 young (165888K), 7 survivors (14336K)
 Metaspace       used 74578K, committed 74880K, reserved 1179648K
  class space    used 7948K, committed 8064K, reserved 1048576K
}
Event: 37.179 GC heap after
{Heap after GC invocations=43 (full 0):
 garbage-first heap   total 495616K, used 302477K [0x000000070a800000, 0x0000000800000000)
  region size 2048K, 6 young (12288K), 6 survivors (12288K)
 Metaspace       used 74578K, committed 74880K, reserved 1179648K
  class space    used 7948K, committed 8064K, reserved 1048576K
}
Event: 38.268 GC heap before
{Heap before GC invocations=43 (full 0):
 garbage-first heap   total 495616K, used 456077K [0x000000070a800000, 0x0000000800000000)
  region size 2048K, 81 young (165888K), 6 survivors (12288K)
 Metaspace       used 74643K, committed 74944K, reserved 1179648K
  class space    used 7948K, committed 8064K, reserved 1048576K
}
Event: 38.286 GC heap after
{Heap after GC invocations=44 (full 0):
 garbage-first heap   total 495616K, used 311952K [0x000000070a800000, 0x0000000800000000)
  region size 2048K, 11 young (22528K), 11 survivors (22528K)
 Metaspace       used 74643K, committed 74944K, reserved 1179648K
  class space    used 7948K, committed 8064K, reserved 1048576K
}
Event: 39.348 GC heap before
{Heap before GC invocations=45 (full 0):
 garbage-first heap   total 522240K, used 443024K [0x000000070a800000, 0x0000000800000000)
  region size 2048K, 75 young (153600K), 11 survivors (22528K)
 Metaspace       used 74727K, committed 75008K, reserved 1179648K
  class space    used 7953K, committed 8064K, reserved 1048576K
}
Event: 39.370 GC heap after
{Heap after GC invocations=46 (full 0):
 garbage-first heap   total 522240K, used 317437K [0x000000070a800000, 0x0000000800000000)
  region size 2048K, 8 young (16384K), 8 survivors (16384K)
 Metaspace       used 74727K, committed 75008K, reserved 1179648K
  class space    used 7953K, committed 8064K, reserved 1048576K
}
Event: 40.286 GC heap before
{Heap before GC invocations=46 (full 0):
 garbage-first heap   total 522240K, used 475133K [0x000000070a800000, 0x0000000800000000)
  region size 2048K, 85 young (174080K), 8 survivors (16384K)
 Metaspace       used 74771K, committed 75072K, reserved 1179648K
  class space    used 7954K, committed 8064K, reserved 1048576K
}
Event: 40.309 GC heap after
{Heap after GC invocations=47 (full 0):
 garbage-first heap   total 522240K, used 321959K [0x000000070a800000, 0x0000000800000000)
  region size 2048K, 7 young (14336K), 7 survivors (14336K)
 Metaspace       used 74771K, committed 75072K, reserved 1179648K
  class space    used 7954K, committed 8064K, reserved 1048576K
}
Event: 43.167 GC heap before
{Heap before GC invocations=47 (full 0):
 garbage-first heap   total 522240K, used 477607K [0x000000070a800000, 0x0000000800000000)
  region size 2048K, 83 young (169984K), 7 survivors (14336K)
 Metaspace       used 77961K, committed 78272K, reserved 1179648K
  class space    used 8147K, committed 8256K, reserved 1048576K
}

