# JRE version: OpenJDK Runtime Environment (21.0.6) (build 21.0.6+-13368085-b895.109)
# Java VM: OpenJDK 64-Bit Server VM (21.0.6+-13368085-b895.109, mixed mode, tiered, compressed oops, compressed class ptrs, g1 gc, windows-amd64)
GC Precious Log:
 CardTable entry size: 512
 Card Set container configuration: InlinePtr #cards 4 size 8 Array Of Cards #cards 16 size 48 Howl #buckets 8 coarsen threshold 3686 Howl Bitmap #cards 512 size 80 coarsen threshold 460 Card regions per heap region 1 cards per card region 4096
 CPUs: 12 total, 12 available
 Memory: 15708M
 Large Page Support: Disabled
 NUMA Support: Disabled
 Compressed Oops: Enabled (Zero based)
 Heap Region Size: 2M
 Heap Min Capacity: 8M
 Heap Initial Capacity: 246M
 Heap Max Capacity: 3928M
 Pre-touch: Disabled
 Parallel Workers: 10
 Concurrent Workers: 3
 Concurrent Refinement Workers: 10
 Periodic GC: Disabled
Heap:
 garbage-first heap   total 686080K, used 519540K [0x000000070a800000, 0x0000000800000000)
  region size 2048K, 61 young (124928K), 6 survivors (12288K)
 Metaspace       used 93778K, committed 94144K, reserved 1179648K
  class space    used 9417K, committed 9600K, reserved 1048576K
GC Heap History (20 events):
Event: 31.563 GC heap before
{Heap before GC invocations=40 (full 0):
 garbage-first heap   total 489472K, used 445484K [0x000000070a800000, 0x0000000800000000)
  region size 2048K, 78 young (159744K), 7 survivors (14336K)
 Metaspace       used 74556K, committed 74816K, reserved 1179648K
  class space    used 7946K, committed 8064K, reserved 1048576K
}
Event: 31.579 GC heap after
{Heap after GC invocations=41 (full 0):
 garbage-first heap   total 489472K, used 309449K [0x000000070a800000, 0x0000000800000000)
  region size 2048K, 8 young (16384K), 8 survivors (16384K)
 Metaspace       used 74556K, committed 74816K, reserved 1179648K
  class space    used 7946K, committed 8064K, reserved 1048576K
}
Event: 32.515 GC heap before
{Heap before GC invocations=42 (full 0):
 garbage-first heap   total 520192K, used 442569K [0x000000070a800000, 0x0000000800000000)
  region size 2048K, 73 young (149504K), 8 survivors (16384K)
 Metaspace       used 74626K, committed 74944K, reserved 1179648K
  class space    used 7946K, committed 8064K, reserved 1048576K
}
Event: 32.529 GC heap after
{Heap after GC invocations=43 (full 0):
 garbage-first heap   total 520192K, used 316440K [0x000000070a800000, 0x0000000800000000)
  region size 2048K, 8 young (16384K), 8 survivors (16384K)
 Metaspace       used 74626K, committed 74944K, reserved 1179648K
  class space    used 7946K, committed 8064K, reserved 1048576K
}
Event: 33.485 GC heap before
{Heap before GC invocations=43 (full 0):
 garbage-first heap   total 520192K, used 474136K [0x000000070a800000, 0x0000000800000000)
  region size 2048K, 85 young (174080K), 8 survivors (16384K)
 Metaspace       used 74722K, committed 75008K, reserved 1179648K
  class space    used 7952K, committed 8064K, reserved 1048576K
}
Event: 33.507 GC heap after
{Heap after GC invocations=44 (full 0):
 garbage-first heap   total 520192K, used 319501K [0x000000070a800000, 0x0000000800000000)
  region size 2048K, 7 young (14336K), 7 survivors (14336K)
 Metaspace       used 74722K, committed 75008K, reserved 1179648K
  class space    used 7952K, committed 8064K, reserved 1048576K
}
Event: 35.580 GC heap before
{Heap before GC invocations=44 (full 0):
 garbage-first heap   total 520192K, used 475149K [0x000000070a800000, 0x0000000800000000)
  region size 2048K, 83 young (169984K), 7 survivors (14336K)
 Metaspace       used 77261K, committed 77568K, reserved 1179648K
  class space    used 8138K, committed 8256K, reserved 1048576K
}
Event: 35.596 GC heap after
{Heap after GC invocations=45 (full 0):
 garbage-first heap   total 520192K, used 332064K [0x000000070a800000, 0x0000000800000000)
  region size 2048K, 9 young (18432K), 9 survivors (18432K)
 Metaspace       used 77261K, committed 77568K, reserved 1179648K
  class space    used 8138K, committed 8256K, reserved 1048576K
}
Event: 39.302 GC heap before
{Heap before GC invocations=46 (full 0):
 garbage-first heap   total 557056K, used 469280K [0x000000070a800000, 0x0000000800000000)
  region size 2048K, 76 young (155648K), 9 survivors (18432K)
 Metaspace       used 80339K, committed 80704K, reserved 1179648K
  class space    used 8375K, committed 8576K, reserved 1048576K
}
Event: 39.325 GC heap after
{Heap after GC invocations=47 (full 0):
 garbage-first heap   total 557056K, used 341436K [0x000000070a800000, 0x0000000800000000)
  region size 2048K, 5 young (10240K), 5 survivors (10240K)
 Metaspace       used 80339K, committed 80704K, reserved 1179648K
  class space    used 8375K, committed 8576K, reserved 1048576K
}
Event: 42.174 GC heap before
{Heap before GC invocations=47 (full 0):
 garbage-first heap   total 557056K, used 515516K [0x000000070a800000, 0x0000000800000000)
  region size 2048K, 90 young (184320K), 5 survivors (10240K)
 Metaspace       used 80671K, committed 81024K, reserved 1179648K
  class space    used 8381K, committed 8576K, reserved 1048576K
}
Event: 42.191 GC heap after
{Heap after GC invocations=48 (full 0):
 garbage-first heap   total 557056K, used 347363K [0x000000070a800000, 0x0000000800000000)
  region size 2048K, 9 young (18432K), 9 survivors (18432K)
 Metaspace       used 80671K, committed 81024K, reserved 1179648K
  class space    used 8381K, committed 8576K, reserved 1048576K
}
Event: 44.304 GC heap before
{Heap before GC invocations=48 (full 0):
 garbage-first heap   total 557056K, used 505059K [0x000000070a800000, 0x0000000800000000)
  region size 2048K, 86 young (176128K), 9 survivors (18432K)
 Metaspace       used 81206K, committed 81600K, reserved 1179648K
  class space    used 8431K, committed 8640K, reserved 1048576K
}
Event: 44.322 GC heap after
{Heap after GC invocations=49 (full 0):
 garbage-first heap   total 557056K, used 352757K [0x000000070a800000, 0x0000000800000000)
  region size 2048K, 7 young (14336K), 7 survivors (14336K)
 Metaspace       used 81206K, committed 81600K, reserved 1179648K
  class space    used 8431K, committed 8640K, reserved 1048576K
}
Event: 47.630 GC heap before
{Heap before GC invocations=50 (full 0):
 garbage-first heap   total 591872K, used 510453K [0x000000070a800000, 0x0000000800000000)
  region size 2048K, 84 young (172032K), 7 survivors (14336K)
 Metaspace       used 88272K, committed 88704K, reserved 1179648K
  class space    used 9011K, committed 9216K, reserved 1048576K
}
Event: 47.661 GC heap after
{Heap after GC invocations=51 (full 0):
 garbage-first heap   total 591872K, used 370640K [0x000000070a800000, 0x0000000800000000)
  region size 2048K, 11 young (22528K), 11 survivors (22528K)
 Metaspace       used 88272K, committed 88704K, reserved 1179648K
  class space    used 9011K, committed 9216K, reserved 1048576K
}
Event: 50.490 GC heap before
{Heap before GC invocations=51 (full 0):
 garbage-first heap   total 591872K, used 538576K [0x000000070a800000, 0x0000000800000000)
  region size 2048K, 93 young (190464K), 11 survivors (22528K)
 Metaspace       used 91518K, committed 91904K, reserved 1179648K
  class space    used 9247K, committed 9408K, reserved 1048576K
}
Event: 50.541 GC heap after
{Heap after GC invocations=52 (full 0):
 garbage-first heap   total 593920K, used 395264K [0x000000070a800000, 0x0000000800000000)
  region size 2048K, 12 young (24576K), 12 survivors (24576K)
 Metaspace       used 91518K, committed 91904K, reserved 1179648K
  class space    used 9247K, committed 9408K, reserved 1048576K
}
Event: 51.698 GC heap before
{Heap before GC invocations=52 (full 0):
 garbage-first heap   total 593920K, used 509952K [0x000000070a800000, 0x0000000800000000)
  region size 2048K, 69 young (141312K), 12 survivors (24576K)
 Metaspace       used 92908K, committed 93312K, reserved 1179648K
  class space    used 9354K, committed 9536K, reserved 1048576K
}
Event: 51.726 GC heap after
{Heap after GC invocations=53 (full 0):
 garbage-first heap   total 593920K, used 408948K [0x000000070a800000, 0x0000000800000000)
  region size 2048K, 6 young (12288K), 6 survivors (12288K)
 Metaspace       used 92908K, committed 93312K, reserved 1179648K
  class space    used 9354K, committed 9536K, reserved 1048576K
}

